<?xml version="1.0" encoding="UTF-8"?>
<testng-results ignored="0" total="1" passed="1" failed="0" skipped="0">
  <reporter-output>
  </reporter-output>
  <suite started-at="2021-01-05T22:40:45 IST" name="Default suite" finished-at="2021-01-05T22:40:55 IST" duration-ms="10228">
    <groups>
    </groups>
    <test started-at="2021-01-05T22:40:45 IST" name="Default test" finished-at="2021-01-05T22:40:55 IST" duration-ms="10228">
      <class name="TestCases.tc_Login">
        <test-method signature="bc_Login()[pri:0, instance:TestCases.tc_Login@55a1c291]" started-at="2021-01-05T22:40:45 IST" name="bc_Login" finished-at="2021-01-05T22:40:55 IST" duration-ms="10203" status="PASS">
          <reporter-output>
          </reporter-output>
        </test-method> <!-- bc_Login -->
      </class> <!-- TestCases.tc_Login -->
    </test> <!-- Default test -->
  </suite> <!-- Default suite -->
</testng-results>
